<?xml version="1.0" encoding="UTF-8"?>
<testng-results ignored="0" total="2" passed="2" failed="0" skipped="0">
  <reporter-output>
  </reporter-output>
  <suite started-at="2023-01-05T10:17:24 IST" name="Default suite" finished-at="2023-01-05T10:17:38 IST" duration-ms="13497">
    <groups>
    </groups>
    <test started-at="2023-01-05T10:17:24 IST" name="Default test" finished-at="2023-01-05T10:17:38 IST" duration-ms="13497">
      <class name="Pom.Test_login1">
        <test-method is-config="true" signature="setUp()[pri:0, instance:Pom.Test_login1@795cd85e]" started-at="2023-01-05T10:17:24 IST" name="setUp" finished-at="2023-01-05T10:17:32 IST" duration-ms="8164" status="PASS">
          <reporter-output>
          </reporter-output>
        </test-method> <!-- setUp -->
        <test-method signature="test_1()[pri:0, instance:Pom.Test_login1@795cd85e]" started-at="2023-01-05T10:17:32 IST" name="test_1" finished-at="2023-01-05T10:17:33 IST" duration-ms="426" status="PASS">
          <reporter-output>
          </reporter-output>
        </test-method> <!-- test_1 -->
        <test-method is-config="true" signature="TearDown()[pri:0, instance:Pom.Test_login1@795cd85e]" started-at="2023-01-05T10:17:33 IST" name="TearDown" finished-at="2023-01-05T10:17:33 IST" duration-ms="378" status="PASS">
          <reporter-output>
          </reporter-output>
        </test-method> <!-- TearDown -->
        <test-method is-config="true" signature="setUp()[pri:0, instance:Pom.Test_login1@795cd85e]" started-at="2023-01-05T10:17:33 IST" name="setUp" finished-at="2023-01-05T10:17:37 IST" duration-ms="3828" status="PASS">
          <reporter-output>
          </reporter-output>
        </test-method> <!-- setUp -->
        <test-method signature="verify_Login_Valid()[pri:0, instance:Pom.Test_login1@795cd85e]" started-at="2023-01-05T10:17:37 IST" name="verify_Login_Valid" finished-at="2023-01-05T10:17:37 IST" duration-ms="317" status="PASS">
          <reporter-output>
          </reporter-output>
        </test-method> <!-- verify_Login_Valid -->
        <test-method is-config="true" signature="TearDown()[pri:0, instance:Pom.Test_login1@795cd85e]" started-at="2023-01-05T10:17:37 IST" name="TearDown" finished-at="2023-01-05T10:17:38 IST" duration-ms="314" status="PASS">
          <reporter-output>
          </reporter-output>
        </test-method> <!-- TearDown -->
      </class> <!-- Pom.Test_login1 -->
    </test> <!-- Default test -->
  </suite> <!-- Default suite -->
</testng-results>
